[2025-03-26 19:44:52] Created equipment: sdada
[2025-03-26 19:48:21] Created equipment: sdada
[2025-03-26 19:51:01] Created equipment: sdaa
[2025-03-26 19:51:06] Deleted equipment ID: 1
[2025-03-26 19:51:08] Deleted equipment ID: 2
[2025-03-26 19:51:09] Deleted equipment ID: 3
[2025-03-26 19:51:15] Created equipment: testar
[2025-03-26 20:02:50] Created alarm: nome de Luiz Assano
[2025-03-26 20:06:24] Deleted alarm ID 1
[2025-03-26 20:09:59] Created alarm: test
[2025-03-26 20:19:48] Created alarm: teste aga
[2025-03-26 20:28:20] Activated alarm ID 3
[2025-03-26 20:28:22] Deactivated alarm ID 3
[2025-03-26 20:28:22] Activated alarm ID 3
[2025-03-26 20:28:23] Deactivated alarm ID 3
[2025-03-26 20:28:24] Activated alarm ID 2
[2025-03-26 20:28:24] Deactivated alarm ID 2
[2025-03-26 20:28:25] Activated alarm ID 2
[2025-03-26 20:28:25] Deactivated alarm ID 2
[2025-03-26 20:28:26] Activated alarm ID 2
[2025-03-26 20:28:26] Deactivated alarm ID 2
[2025-03-26 20:28:27] Activated alarm ID 2
[2025-03-26 20:28:27] Deactivated alarm ID 2
[2025-03-26 20:28:28] Activated alarm ID 2
[2025-03-26 20:28:57] Deactivated alarm ID 2
[2025-03-26 20:28:58] Activated alarm ID 2
[2025-03-26 20:28:59] Deactivated alarm ID 2
[2025-03-26 20:29:00] Activated alarm ID 2
[2025-03-26 20:30:13] Created equipment: xxx
[2025-03-26 20:30:20] Created equipment: wwww
[2025-03-26 20:30:23] Deleted equipment ID: 6
[2025-03-26 20:30:29] Created equipment: dasdasd
[2025-03-26 20:31:32] Deactivated alarm ID 2
[2025-03-26 20:31:33] Activated alarm ID 2
[2025-03-26 20:31:33] Deactivated alarm ID 2
[2025-03-26 20:31:34] Activated alarm ID 2
[2025-03-26 20:31:34] Deactivated alarm ID 2
[2025-03-26 20:31:35] Activated alarm ID 2
[2025-03-26 20:31:35] Deactivated alarm ID 2
[2025-03-26 20:31:35] Activated alarm ID 2
[2025-03-26 20:31:36] Deactivated alarm ID 2
[2025-03-26 20:31:36] Activated alarm ID 2
[2025-03-26 20:31:48] Created alarm: teste aga
[2025-03-26 20:33:02] Deactivated alarm ID 2
[2025-03-26 20:33:03] Activated alarm ID 2
[2025-03-26 20:34:00] Deactivated alarm ID 2
[2025-03-26 20:34:02] Activated alarm ID 2
[2025-03-26 20:34:03] Deactivated alarm ID 2
[2025-03-26 20:34:04] Activated alarm ID 2
[2025-03-26 20:34:06] Deactivated alarm ID 2
[2025-03-26 20:49:25] Activated alarm ID 2
[2025-03-26 20:50:14] Deactivated alarm ID 2
[2025-03-26 20:50:15] Activated alarm ID 2
[2025-03-26 20:50:16] Deactivated alarm ID 2
[2025-03-26 20:50:17] Activated alarm ID 2
[2025-03-26 20:50:17] Deactivated alarm ID 2
[2025-03-26 20:50:19] Activated alarm ID 2
[2025-03-26 20:51:09] Deactivated alarm ID 2
[2025-03-26 20:51:09] Activated alarm ID 2
[2025-03-26 20:52:01] Deactivated alarm ID 2
[2025-03-26 20:52:02] Activated alarm ID 2
[2025-03-26 20:52:02] Deactivated alarm ID 2
[2025-03-26 20:52:06] Activated alarm ID 2
[2025-03-26 20:52:07] Deactivated alarm ID 2
[2025-03-26 20:52:08] Activated alarm ID 2
[2025-03-26 20:52:10] Deactivated alarm ID 2
[2025-03-26 20:52:10] Activated alarm ID 2
[2025-03-26 20:52:11] Deactivated alarm ID 2
[2025-03-26 20:52:11] Activated alarm ID 2
[2025-03-26 20:52:12] Deactivated alarm ID 2
[2025-03-26 20:52:14] Activated alarm ID 2
[2025-03-26 20:52:15] Deactivated alarm ID 2
[2025-03-26 20:52:17] Activated alarm ID 2
[2025-03-26 20:52:18] Deactivated alarm ID 2
[2025-03-26 20:52:19] Activated alarm ID 2
[2025-03-26 20:52:19] Deactivated alarm ID 2
[2025-03-26 20:52:19] Activated alarm ID 2
[2025-03-26 20:52:20] Deactivated alarm ID 2
[2025-03-26 20:52:20] Activated alarm ID 2
[2025-03-26 20:52:55] Activated alarm ID 4
[2025-03-26 20:52:57] Deactivated alarm ID 4
[2025-03-26 21:06:19] Deactivated alarm ID 2
[2025-03-26 21:06:20] Activated alarm ID 2
[2025-03-26 21:09:15] Deactivated alarm ID 2
[2025-03-26 21:09:38] Accessed alarm activity list
[2025-03-26 21:09:59] Accessed alarm activity list
[2025-03-26 21:10:04] Accessed alarm activity list
[2025-03-26 21:10:07] Accessed alarm activity list
[2025-03-26 21:10:07] Accessed alarm activity list
[2025-03-26 21:10:08] Accessed alarm activity list
[2025-03-26 21:10:10] Accessed alarm activity list
[2025-03-26 21:10:13] Accessed alarm activity list
[2025-03-26 21:10:20] Accessed alarm activity list
[2025-03-26 21:17:17] Accessed alarm activity list
[2025-03-26 21:17:23] Accessed alarm activity list
[2025-03-26 21:17:24] Accessed alarm activity list
[2025-03-26 21:17:24] Accessed alarm activity list
[2025-03-26 21:17:26] Accessed alarm activity list
[2025-03-26 21:31:24] Error in AlarmActivityController: View file not found: C:\xampp\htdocs\teste-tecnico-php-alarmes-luizassano\controllers/../views/alarm_activity/index.php
[2025-03-26 21:31:24] Error in AlarmActivityController: View file not found: C:\xampp\htdocs\teste-tecnico-php-alarmes-luizassano\controllers/../views/alarm_activity/index.php
[2025-03-26 21:31:25] Error in AlarmActivityController: View file not found: C:\xampp\htdocs\teste-tecnico-php-alarmes-luizassano\controllers/../views/alarm_activity/index.php
[2025-03-26 21:31:25] Error in AlarmActivityController: View file not found: C:\xampp\htdocs\teste-tecnico-php-alarmes-luizassano\controllers/../views/alarm_activity/index.php
[2025-03-26 21:31:25] Error in AlarmActivityController: View file not found: C:\xampp\htdocs\teste-tecnico-php-alarmes-luizassano\controllers/../views/alarm_activity/index.php
[2025-03-26 21:31:25] Error in AlarmActivityController: View file not found: C:\xampp\htdocs\teste-tecnico-php-alarmes-luizassano\controllers/../views/alarm_activity/index.php
[2025-03-26 21:31:25] Error in AlarmActivityController: View file not found: C:\xampp\htdocs\teste-tecnico-php-alarmes-luizassano\controllers/../views/alarm_activity/index.php
[2025-03-26 21:31:26] Error in AlarmActivityController: View file not found: C:\xampp\htdocs\teste-tecnico-php-alarmes-luizassano\controllers/../views/alarm_activity/index.php
[2025-03-26 21:31:26] Error in AlarmActivityController: View file not found: C:\xampp\htdocs\teste-tecnico-php-alarmes-luizassano\controllers/../views/alarm_activity/index.php
[2025-03-26 21:31:26] Error in AlarmActivityController: View file not found: C:\xampp\htdocs\teste-tecnico-php-alarmes-luizassano\controllers/../views/alarm_activity/index.php
[2025-03-26 21:31:35] Error in AlarmActivityController: View file not found: C:\xampp\htdocs\teste-tecnico-php-alarmes-luizassano\controllers/../views/alarm_activity/index.php
[2025-03-26 21:31:36] Error in AlarmActivityController: View file not found: C:\xampp\htdocs\teste-tecnico-php-alarmes-luizassano\controllers/../views/alarm_activity/index.php
[2025-03-26 21:31:41] Error in AlarmActivityController: View file not found: C:\xampp\htdocs\teste-tecnico-php-alarmes-luizassano\controllers/../views/alarm_activity/index.php
[2025-03-26 21:31:42] Error in AlarmActivityController: View file not found: C:\xampp\htdocs\teste-tecnico-php-alarmes-luizassano\controllers/../views/alarm_activity/index.php
[2025-03-26 21:31:42] Error in AlarmActivityController: View file not found: C:\xampp\htdocs\teste-tecnico-php-alarmes-luizassano\controllers/../views/alarm_activity/index.php
[2025-03-26 21:31:42] Error in AlarmActivityController: View file not found: C:\xampp\htdocs\teste-tecnico-php-alarmes-luizassano\controllers/../views/alarm_activity/index.php
[2025-03-26 21:31:43] Error in AlarmActivityController: View file not found: C:\xampp\htdocs\teste-tecnico-php-alarmes-luizassano\controllers/../views/alarm_activity/index.php
[2025-03-26 21:31:46] Activated alarm ID 4
[2025-03-26 21:31:47] Error in AlarmActivityController: View file not found: C:\xampp\htdocs\teste-tecnico-php-alarmes-luizassano\controllers/../views/alarm_activity/index.php
[2025-03-26 21:31:47] Error in AlarmActivityController: View file not found: C:\xampp\htdocs\teste-tecnico-php-alarmes-luizassano\controllers/../views/alarm_activity/index.php
[2025-03-26 21:31:47] Error in AlarmActivityController: View file not found: C:\xampp\htdocs\teste-tecnico-php-alarmes-luizassano\controllers/../views/alarm_activity/index.php
[2025-03-26 21:31:48] Error in AlarmActivityController: View file not found: C:\xampp\htdocs\teste-tecnico-php-alarmes-luizassano\controllers/../views/alarm_activity/index.php
[2025-03-26 21:31:58] Error in AlarmActivityController: View file not found: C:\xampp\htdocs\teste-tecnico-php-alarmes-luizassano\controllers/../views/alarm_activity/index.php
[2025-03-26 21:32:34] Error in AlarmActivityController: View file not found: C:\xampp\htdocs\teste-tecnico-php-alarmes-luizassano\controllers/../views/alarm_activity/index.php
[2025-03-26 21:32:34] Error in AlarmActivityController: View file not found: C:\xampp\htdocs\teste-tecnico-php-alarmes-luizassano\controllers/../views/alarm_activity/index.php
[2025-03-26 21:40:14] Activated alarm ID 2
[2025-03-26 21:40:15] Activated alarm ID 3
[2025-03-26 21:40:40] Deactivated alarm ID 4
[2025-03-26 21:40:41] Deactivated alarm ID 3
[2025-03-26 21:43:50] Activated alarm ID 3
[2025-03-26 21:43:50] Deactivated alarm ID 3
[2025-03-26 21:43:51] Activated alarm ID 4
[2025-03-26 21:44:31] Deactivated alarm ID 2
[2025-03-26 21:48:59] Activated alarm ID 3
[2025-03-26 21:49:02] Activated alarm ID 2
[2025-03-26 22:00:51] Activated alarm ID 3
[2025-03-26 22:00:55] Activated alarm ID 4
[2025-03-26 22:16:59] Activated alarm ID 3
[2025-03-26 22:21:47] Activated alarm ID 4
[2025-03-27 17:18:16] Activated alarm ID 2
[2025-03-27 17:18:19] Activated alarm ID 3
[2025-03-27 17:18:22] Activated alarm ID 4
[2025-03-27 17:18:23] Activated alarm ID 4
[2025-03-27 17:18:23] Activated alarm ID 4
[2025-03-27 17:18:24] Activated alarm ID 4
[2025-03-27 17:18:26] Activated alarm ID 2
[2025-03-27 17:18:28] Activated alarm ID 3
[2025-03-27 17:18:29] Activated alarm ID 3
[2025-03-27 17:19:16] Activated alarm ID 3
[2025-03-27 17:26:56] Deleted equipment ID: 5
[2025-03-27 17:28:50] Updated equipment ID: 7
[2025-03-27 17:29:03] Updated equipment ID: 7
[2025-03-27 17:29:10] Updated equipment ID: 7
[2025-03-27 17:38:24] Updated alarm ID: 3
[2025-03-27 17:38:30] Updated alarm ID: 3
[2025-03-27 17:55:36] Created alarm: xadasdasddas
[2025-03-27 18:24:29] Deleted alarm ID 2
[2025-03-27 18:24:31] Deleted alarm ID 5
[2025-03-27 18:24:32] Deleted alarm ID 3
[2025-03-27 18:24:51] Deleted equipment ID: 7
[2025-03-27 18:24:53] Deleted equipment ID: 4
[2025-03-27 18:25:04] Created equipment: test 1
[2025-03-27 18:25:25] Created alarm: test alarm
[2025-03-27 18:25:27] Activated alarm ID 6
[2025-03-27 18:26:36] Deleted equipment ID: 8
[2025-03-27 18:29:03] Created equipment: test equipment
[2025-03-27 18:29:11] Updated equipment ID: 9
[2025-03-27 18:29:25] Created alarm: test alarm
[2025-03-27 18:29:30] Activated alarm ID 7
[2025-03-27 18:39:51] Created equipment: testst
